<?xml version="1.0" encoding="UTF-8"?>
<!-- Generated by org.testng.reporters.JUnitXMLReporter -->
<testsuite hostname="Kaviyam" name="Test1" tests="5" failures="0" timestamp="17 Nov 2017 02:17:14 GMT" time="0.017" errors="0">
  <testcase name="testCoun" time="0.001" classname="org.geetha.testng.CalculatorTest"/>
  <testcase name="testSub" time="0.002" classname="org.geetha.testng.CalculatorTest"/>
  <testcase name="testSub" time="0.002" classname="org.geetha.testng.CalculatorTest"/>
  <testcase name="testSub" time="0.002" classname="org.geetha.testng.CalculatorTest"/>
  <testcase name="testdiv" time="0.002" classname="org.geetha.testng.CalculatorTest"/>
</testsuite> <!-- Test1 -->
